mode: set
github.com/therealpaulgg/ssh-sync-server/pkg/web/live/main.go:50.99,54.2 3 1
github.com/therealpaulgg/ssh-sync-server/pkg/web/live/main.go:57.100,62.2 4 1
github.com/therealpaulgg/ssh-sync-server/pkg/web/live/main.go:69.93,71.16 2 0
github.com/therealpaulgg/ssh-sync-server/pkg/web/live/main.go:71.16,73.3 1 0
github.com/therealpaulgg/ssh-sync-server/pkg/web/live/main.go:74.2,75.12 2 0
github.com/therealpaulgg/ssh-sync-server/pkg/web/live/main.go:78.107,83.9 4 1
github.com/therealpaulgg/ssh-sync-server/pkg/web/live/main.go:83.9,86.3 2 0
github.com/therealpaulgg/ssh-sync-server/pkg/web/live/main.go:87.2,88.16 2 1
github.com/therealpaulgg/ssh-sync-server/pkg/web/live/main.go:88.16,91.3 2 0
github.com/therealpaulgg/ssh-sync-server/pkg/web/live/main.go:92.2,93.9 2 0
github.com/therealpaulgg/ssh-sync-server/pkg/web/live/main.go:93.9,95.123 2 0
github.com/therealpaulgg/ssh-sync-server/pkg/web/live/main.go:95.123,97.4 1 0
github.com/therealpaulgg/ssh-sync-server/pkg/web/live/main.go:98.3,98.9 1 0
github.com/therealpaulgg/ssh-sync-server/pkg/web/live/main.go:100.2,100.40 1 0
github.com/therealpaulgg/ssh-sync-server/pkg/web/live/main.go:100.40,103.3 2 0
github.com/therealpaulgg/ssh-sync-server/pkg/web/live/main.go:104.2,109.16 3 0
github.com/therealpaulgg/ssh-sync-server/pkg/web/live/main.go:109.16,111.162 2 0
github.com/therealpaulgg/ssh-sync-server/pkg/web/live/main.go:111.162,113.4 1 0
github.com/therealpaulgg/ssh-sync-server/pkg/web/live/main.go:114.3,114.9 1 0
github.com/therealpaulgg/ssh-sync-server/pkg/web/live/main.go:116.2,119.62 2 0
github.com/therealpaulgg/ssh-sync-server/pkg/web/live/main.go:119.62,122.3 2 0
github.com/therealpaulgg/ssh-sync-server/pkg/web/live/main.go:123.2,124.16 2 0
github.com/therealpaulgg/ssh-sync-server/pkg/web/live/main.go:124.16,127.3 2 0
github.com/therealpaulgg/ssh-sync-server/pkg/web/live/main.go:128.2,128.70 1 0
github.com/therealpaulgg/ssh-sync-server/pkg/web/live/main.go:131.88,133.16 2 0
github.com/therealpaulgg/ssh-sync-server/pkg/web/live/main.go:133.16,135.3 1 0
github.com/therealpaulgg/ssh-sync-server/pkg/web/live/main.go:136.2,137.12 2 0
github.com/therealpaulgg/ssh-sync-server/pkg/web/live/main.go:140.102,145.16 4 1
github.com/therealpaulgg/ssh-sync-server/pkg/web/live/main.go:145.16,148.3 2 0
github.com/therealpaulgg/ssh-sync-server/pkg/web/live/main.go:149.2,151.50 3 0
github.com/therealpaulgg/ssh-sync-server/pkg/web/live/main.go:151.50,152.89 1 0
github.com/therealpaulgg/ssh-sync-server/pkg/web/live/main.go:152.89,154.4 1 0
github.com/therealpaulgg/ssh-sync-server/pkg/web/live/main.go:155.3,155.9 1 0
github.com/therealpaulgg/ssh-sync-server/pkg/web/live/main.go:157.2,157.16 1 0
github.com/therealpaulgg/ssh-sync-server/pkg/web/live/main.go:157.16,160.3 2 0
github.com/therealpaulgg/ssh-sync-server/pkg/web/live/main.go:161.2,164.42 3 0
github.com/therealpaulgg/ssh-sync-server/pkg/web/live/main.go:164.42,165.96 1 0
github.com/therealpaulgg/ssh-sync-server/pkg/web/live/main.go:165.96,167.4 1 0
github.com/therealpaulgg/ssh-sync-server/pkg/web/live/main.go:168.3,168.9 1 0
github.com/therealpaulgg/ssh-sync-server/pkg/web/live/main.go:169.8,169.57 1 0
github.com/therealpaulgg/ssh-sync-server/pkg/web/live/main.go:169.57,172.3 2 0
github.com/therealpaulgg/ssh-sync-server/pkg/web/live/main.go:173.2,179.16 5 0
github.com/therealpaulgg/ssh-sync-server/pkg/web/live/main.go:179.16,181.100 2 0
github.com/therealpaulgg/ssh-sync-server/pkg/web/live/main.go:181.100,183.4 1 0
github.com/therealpaulgg/ssh-sync-server/pkg/web/live/main.go:184.3,184.9 1 0
github.com/therealpaulgg/ssh-sync-server/pkg/web/live/main.go:186.2,187.98 2 0
github.com/therealpaulgg/ssh-sync-server/pkg/web/live/main.go:187.98,190.3 2 0
github.com/therealpaulgg/ssh-sync-server/pkg/web/live/main.go:198.2,204.15 2 0
github.com/therealpaulgg/ssh-sync-server/pkg/web/live/main.go:204.15,208.13 4 0
github.com/therealpaulgg/ssh-sync-server/pkg/web/live/main.go:208.13,213.4 4 0
github.com/therealpaulgg/ssh-sync-server/pkg/web/live/main.go:215.2,217.12 3 0
github.com/therealpaulgg/ssh-sync-server/pkg/web/live/main.go:217.12,222.74 3 0
github.com/therealpaulgg/ssh-sync-server/pkg/web/live/main.go:222.74,224.4 1 0
github.com/therealpaulgg/ssh-sync-server/pkg/web/live/main.go:225.3,228.35 2 0
github.com/therealpaulgg/ssh-sync-server/pkg/web/live/main.go:228.35,230.4 1 0
github.com/therealpaulgg/ssh-sync-server/pkg/web/live/main.go:232.3,232.7 1 0
github.com/therealpaulgg/ssh-sync-server/pkg/web/live/main.go:232.7,233.11 1 0
github.com/therealpaulgg/ssh-sync-server/pkg/web/live/main.go:234.19,236.11 2 0
github.com/therealpaulgg/ssh-sync-server/pkg/web/live/main.go:237.44,239.16 2 0
github.com/therealpaulgg/ssh-sync-server/pkg/web/live/main.go:239.16,241.6 1 0
github.com/therealpaulgg/ssh-sync-server/pkg/web/live/main.go:242.5,243.11 2 0
github.com/therealpaulgg/ssh-sync-server/pkg/web/live/main.go:247.2,248.9 2 0
github.com/therealpaulgg/ssh-sync-server/pkg/web/live/main.go:248.9,251.3 2 0
github.com/therealpaulgg/ssh-sync-server/pkg/web/live/main.go:252.2,254.22 2 0
github.com/therealpaulgg/ssh-sync-server/pkg/web/live/main.go:254.22,255.94 1 0
github.com/therealpaulgg/ssh-sync-server/pkg/web/live/main.go:255.94,257.4 1 0
github.com/therealpaulgg/ssh-sync-server/pkg/web/live/main.go:258.3,258.9 1 0
github.com/therealpaulgg/ssh-sync-server/pkg/web/live/main.go:260.2,260.104 1 0
github.com/therealpaulgg/ssh-sync-server/pkg/web/live/main.go:260.104,263.3 2 0
github.com/therealpaulgg/ssh-sync-server/pkg/web/live/main.go:264.2,265.16 2 0
github.com/therealpaulgg/ssh-sync-server/pkg/web/live/main.go:265.16,268.3 2 0
github.com/therealpaulgg/ssh-sync-server/pkg/web/live/main.go:270.2,273.61 4 0
github.com/therealpaulgg/ssh-sync-server/pkg/web/live/main.go:273.61,276.3 2 0
github.com/therealpaulgg/ssh-sync-server/pkg/web/live/main.go:277.2,277.123 1 0
github.com/therealpaulgg/ssh-sync-server/pkg/web/live/main.go:277.123,280.3 2 0
github.com/therealpaulgg/ssh-sync-server/pkg/web/live/main.go:281.2,281.129 1 0
github.com/therealpaulgg/ssh-sync-server/pkg/web/live/main.go:281.129,284.3 2 0
